[2mNov 15 11:52:41.520[0m [32m INFO[0m veld_lsp: LSP Server starting...
[2mNov 15 11:52:41.521[0m [32m INFO[0m veld_lsp: Received method: initialize
[2mNov 15 11:52:41.521[0m [32m INFO[0m veld_lsp: Handling initialize request
[2mNov 15 11:52:41.522[0m [32m INFO[0m veld_lsp: Received method: initialized
[2mNov 15 11:52:41.522[0m [32m INFO[0m veld_lsp: Client initialized
[2mNov 15 11:52:41.524[0m [32m INFO[0m veld_lsp: Received method: textDocument/didOpen
[2mNov 15 11:52:41.524[0m [32m INFO[0m veld_lsp: Handling didOpen notification
[2mNov 15 11:52:41.524[0m [32m INFO[0m [1mInitializing TypeChecker[0m: veld_common::types::module_registry: Loading standard library from "./stdlib"
[2mNov 15 11:52:41.530[0m [32m INFO[0m veld_lsp: Document opened and analyzed
[2mNov 15 11:52:42.602[0m [32m INFO[0m veld_lsp: Received method: $/setTrace
[2mNov 15 11:52:42.602[0m [33m WARN[0m veld_lsp: Unhandled method: $/setTrace
[2mNov 15 11:52:44.657[0m [32m INFO[0m veld_lsp: Received method: textDocument/codeAction
[2mNov 15 11:52:44.657[0m [32m INFO[0m veld_lsp: Handling code action request
[2mNov 15 11:52:44.658[0m [32m INFO[0m veld_lsp: Received method: textDocument/documentSymbol
[2mNov 15 11:52:44.658[0m [32m INFO[0m veld_lsp: Handling document symbol request
[2mNov 15 11:52:44.907[0m [32m INFO[0m veld_lsp: Received method: textDocument/codeAction
[2mNov 15 11:52:44.907[0m [32m INFO[0m veld_lsp: Handling code action request
[2mNov 15 11:52:44.955[0m [32m INFO[0m veld_lsp: Received method: textDocument/foldingRange
[2mNov 15 11:52:44.955[0m [32m INFO[0m veld_lsp: Handling folding range request
[2mNov 15 11:52:44.955[0m [32m INFO[0m veld_lsp: Received method: textDocument/documentSymbol
[2mNov 15 11:52:44.955[0m [32m INFO[0m veld_lsp: Handling document symbol request
[2mNov 15 11:52:44.956[0m [32m INFO[0m veld_lsp: Received method: textDocument/foldingRange
[2mNov 15 11:52:44.956[0m [32m INFO[0m veld_lsp: Handling folding range request
[2mNov 15 11:52:45.163[0m [32m INFO[0m veld_lsp: Received method: textDocument/semanticTokens/range
[2mNov 15 11:52:45.163[0m [32m INFO[0m veld_lsp: Handling semantic tokens range request
[2mNov 15 11:52:45.201[0m [32m INFO[0m veld_lsp: Received method: textDocument/semanticTokens/full
[2mNov 15 11:52:45.201[0m [32m INFO[0m veld_lsp: Handling semantic tokens request
[2mNov 15 11:52:45.933[0m [32m INFO[0m veld_lsp: Received method: $/setTrace
[2mNov 15 11:52:45.933[0m [33m WARN[0m veld_lsp: Unhandled method: $/setTrace
[2mNov 15 11:52:46.703[0m [32m INFO[0m veld_lsp: Received method: $/setTrace
[2mNov 15 11:52:46.703[0m [33m WARN[0m veld_lsp: Unhandled method: $/setTrace
[2mNov 15 11:52:46.867[0m [32m INFO[0m veld_lsp: Received method: textDocument/codeAction
[2mNov 15 11:52:46.868[0m [32m INFO[0m veld_lsp: Handling code action request
[2mNov 15 11:52:46.868[0m [32m INFO[0m veld_lsp: Received method: textDocument/codeAction
[2mNov 15 11:52:46.868[0m [32m INFO[0m veld_lsp: Handling code action request
[2mNov 15 11:52:46.868[0m [32m INFO[0m veld_lsp: Received method: textDocument/codeAction
[2mNov 15 11:52:46.868[0m [32m INFO[0m veld_lsp: Handling code action request
[2mNov 15 11:52:46.868[0m [32m INFO[0m veld_lsp: Received method: $/setTrace
[2mNov 15 11:52:46.868[0m [33m WARN[0m veld_lsp: Unhandled method: $/setTrace
[2mNov 15 11:52:46.869[0m [32m INFO[0m veld_lsp: Received method: $/cancelRequest
[2mNov 15 11:52:46.869[0m [33m WARN[0m veld_lsp: Unhandled method: $/cancelRequest
[2mNov 15 11:52:46.869[0m [32m INFO[0m veld_lsp: Received method: $/cancelRequest
[2mNov 15 11:52:46.869[0m [33m WARN[0m veld_lsp: Unhandled method: $/cancelRequest
[2mNov 15 11:52:48.424[0m [32m INFO[0m veld_lsp: Received method: textDocument/hover
[2mNov 15 11:52:48.424[0m [32m INFO[0m veld_lsp: Handling hover request
[2mNov 15 11:53:01.238[0m [32m INFO[0m veld_lsp: Received method: textDocument/hover
[2mNov 15 11:53:01.239[0m [32m INFO[0m veld_lsp: Handling hover request
[2mNov 15 11:53:01.859[0m [32m INFO[0m veld_lsp: Received method: textDocument/hover
[2mNov 15 11:53:01.859[0m [32m INFO[0m veld_lsp: Handling hover request
[2mNov 15 11:53:12.072[0m [32m INFO[0m veld_lsp: Received method: shutdown
[2mNov 15 11:53:12.072[0m [32m INFO[0m veld_lsp: Shutdown requested
[2mNov 15 11:53:12.072[0m [32m INFO[0m veld_lsp: Received method: exit
[2mNov 15 11:53:12.072[0m [32m INFO[0m veld_lsp: Exit requested
